<?xml version="1.0" encoding="UTF-8"?>
<testsuite xmlns:xsi="http://www.w3.org/2001/XMLSchema-instance" xsi:noNamespaceSchemaLocation="https://maven.apache.org/surefire/maven-surefire-plugin/xsd/surefire-test-report.xsd" name="RegistrationTest" time="16.726" tests="4" errors="0" skipped="0" failures="0">
  <properties>
[...]
</properties>
  <testcase name="shouldNotCreateUserWithShortPassword" classname="RegistrationTest" time="4.108"/>
  <testcase name="shouldShowErrorForShortPassword" classname="RegistrationTest" time="3.195"/>
  <testcase name="shouldCreateUserSuccessfully" classname="RegistrationTest" time="4.861"/>
  <testcase name="shouldRedirectToLoginPageAfterRegistration" classname="RegistrationTest" time="4.555"/>
</testsuite>